# JRE version: Java(TM) SE Runtime Environment (8.0_121-b13) (build 1.8.0_121-b13)
# Java VM: Java HotSpot(TM) Client VM (25.121-b13 mixed mode windows-x86 )
Heap:
 def new generation   total 43840K, used 30911K [0x03e00000, 0x06d90000, 0x19350000)
  eden space 38976K,  66% used [0x03e00000, 0x0576fe18, 0x06410000)
  from space 4864K, 100% used [0x068d0000, 0x06d90000, 0x06d90000)
  to   space 4864K,   0% used [0x06410000, 0x06410000, 0x068d0000)
 tenured generation   total 97164K, used 60523K [0x19350000, 0x1f233000, 0x43e00000)
   the space 97164K,  62% used [0x19350000, 0x1ce6afc0, 0x1ce6b000, 0x1f233000)
 Metaspace       used 54617K, capacity 57596K, committed 58240K, reserved 58752K
GC Heap History (10 events):
Event: 18854.806 GC heap before
{Heap before GC invocations=244 (full 9):
 def new generation   total 39040K, used 37258K [0x03e00000, 0x06850000, 0x19350000)
  eden space 34752K, 100% used [0x03e00000, 0x05ff0000, 0x05ff0000)
  from space 4288K,  58% used [0x05ff0000, 0x06262848, 0x06420000)
  to   space 4288K,   0% used [0x06420000, 0x06420000, 0x06850000)
 tenured generation   total 86380K, used 83321K [0x19350000, 0x1e7ab000, 0x43e00000)
   the space 86380K,  96% used [0x19350000, 0x1e4ae6c8, 0x1e4ae800, 0x1e7ab000)
 Metaspace       used 52553K, capacity 55819K, committed 55936K, reserved 56704K
Event: 18854.942 GC heap after
Heap after GC invocations=245 (full 9):
 def new generation   total 39040K, used 2062K [0x03e00000, 0x06850000, 0x19350000)
  eden space 34752K,   0% used [0x03e00000, 0x03e00000, 0x05ff0000)
  from space 4288K,  48% used [0x06420000, 0x06623890, 0x06850000)
  to   space 4288K,   0% used [0x05ff0000, 0x05ff0000, 0x06420000)
 tenured generation   total 86380K, used 85732K [0x19350000, 0x1e7ab000, 0x43e00000)
   the space 86380K,  99% used [0x19350000, 0x1e709240, 0x1e709400, 0x1e7ab000)
 Metaspace       used 52553K, capacity 55819K, committed 55936K, reserved 56704K
}
Event: 18859.171 GC heap before
{Heap before GC invocations=245 (full 9):
 def new generation   total 39040K, used 36814K [0x03e00000, 0x06850000, 0x19350000)
  eden space 34752K, 100% used [0x03e00000, 0x05ff0000, 0x05ff0000)
  from space 4288K,  48% used [0x06420000, 0x06623890, 0x06850000)
  to   space 4288K,   0% used [0x05ff0000, 0x05ff0000, 0x06420000)
 tenured generation   total 86380K, used 85732K [0x19350000, 0x1e7ab000, 0x43e00000)
   the space 86380K,  99% used [0x19350000, 0x1e709240, 0x1e709400, 0x1e7ab000)
 Metaspace       used 54497K, capacity 57896K, committed 57984K, reserved 58752K
Event: 18859.891 GC heap after
Heap after GC invocations=246 (full 10):
 def new generation   total 43840K, used 0K [0x03e00000, 0x06d90000, 0x19350000)
  eden space 38976K,   0% used [0x03e00000, 0x03e00000, 0x06410000)
  from space 4864K,   0% used [0x06410000, 0x06410000, 0x068d0000)
  to   space 4864K,   0% used [0x068d0000, 0x068d0000, 0x06d90000)
 tenured generation   total 97164K, used 58296K [0x19350000, 0x1f233000, 0x43e00000)
   the space 97164K,  59% used [0x19350000, 0x1cc3e080, 0x1cc3e200, 0x1f233000)
 Metaspace       used 53997K, capacity 56940K, committed 57984K, reserved 58752K
}
Event: 18860.557 GC heap before
{Heap before GC invocations=246 (full 10):
 def new generation   total 43840K, used 38976K [0x03e00000, 0x06d90000, 0x19350000)
  eden space 38976K, 100% used [0x03e00000, 0x06410000, 0x06410000)
  from space 4864K,   0% used [0x06410000, 0x06410000, 0x068d0000)
  to   space 4864K,   0% used [0x068d0000, 0x068d0000, 0x06d90000)
 tenured generation   total 97164K, used 58296K [0x19350000, 0x1f233000, 0x43e00000)
   the space 97164K,  59% used [0x19350000, 0x1cc3e080, 0x1cc3e200, 0x1f233000)
 Metaspace       used 54012K, capacity 56983K, committed 57984K, reserved 58752K
Event: 18860.564 GC heap after
Heap after GC invocations=247 (full 10):
 def new generation   total 43840K, used 1654K [0x03e00000, 0x06d90000, 0x19350000)
  eden space 38976K,   0% used [0x03e00000, 0x03e00000, 0x06410000)
  from space 4864K,  34% used [0x068d0000, 0x06a6d9d8, 0x06d90000)
  to   space 4864K,   0% used [0x06410000, 0x06410000, 0x068d0000)
 tenured generation   total 97164K, used 58296K [0x19350000, 0x1f233000, 0x43e00000)
   the space 97164K,  59% used [0x19350000, 0x1cc3e080, 0x1cc3e200, 0x1f233000)
 Metaspace       used 54012K, capacity 56983K, committed 57984K, reserved 58752K
}
Event: 18861.167 GC heap before
{Heap before GC invocations=247 (full 10):
 def new generation   total 43840K, used 40630K [0x03e00000, 0x06d90000, 0x19350000)
  eden space 38976K, 100% used [0x03e00000, 0x06410000, 0x06410000)
  from space 4864K,  34% used [0x068d0000, 0x06a6d9d8, 0x06d90000)
  to   space 4864K,   0% used [0x06410000, 0x06410000, 0x068d0000)
 tenured generation   total 97164K, used 58296K [0x19350000, 0x1f233000, 0x43e00000)
   the space 97164K,  59% used [0x19350000, 0x1cc3e080, 0x1cc3e200, 0x1f233000)
 Metaspace       used 54012K, capacity 56983K, committed 57984K, reserved 58752K
Event: 18861.175 GC heap after
Heap after GC invocations=248 (full 10):
 def new generation   total 43840K, used 2070K [0x03e00000, 0x06d90000, 0x19350000)
  eden space 38976K,   0% used [0x03e00000, 0x03e00000, 0x06410000)
  from space 4864K,  42% used [0x06410000, 0x066159b0, 0x068d0000)
  to   space 4864K,   0% used [0x068d0000, 0x068d0000, 0x06d90000)
 tenured generation   total 97164K, used 58296K [0x19350000, 0x1f233000, 0x43e00000)
   the space 97164K,  59% used [0x19350000, 0x1cc3e080, 0x1cc3e200, 0x1f233000)
 Metaspace       used 54012K, capacity 56983K, committed 57984K, reserved 58752K
}
Event: 18861.980 GC heap before
{Heap before GC invocations=248 (full 10):
 def new generation   total 43840K, used 41046K [0x03e00000, 0x06d90000, 0x19350000)
  eden space 38976K, 100% used [0x03e00000, 0x06410000, 0x06410000)
  from space 4864K,  42% used [0x06410000, 0x066159b0, 0x068d0000)
  to   space 4864K,   0% used [0x068d0000, 0x068d0000, 0x06d90000)
 tenured generation   total 97164K, used 58296K [0x19350000, 0x1f233000, 0x43e00000)
   the space 97164K,  59% used [0x19350000, 0x1cc3e080, 0x1cc3e200, 0x1f233000)
 Metaspace       used 54470K, capacity 57429K, committed 58112K, reserved 58752K
Event: 18862.004 GC heap after
Heap after GC invocations=249 (full 10):
 def new generation   total 43840K, used 4864K [0x03e00000, 0x06d90000, 0x19350000)
  eden space 38976K,   0% used [0x03e00000, 0x03e00000, 0x06410000)
  from space 4864K, 100% used [0x068d0000, 0x06d90000, 0x06d90000)
  to   space 4864K,   0% used [0x06410000, 0x06410000, 0x068d0000)
 tenured generation   total 97164K, used 60523K [0x19350000, 0x1f233000, 0x43e00000)
   the space 97164K,  62% used [0x19350000, 0x1ce6afc0, 0x1ce6b000, 0x1f233000)
 Metaspace       used 54470K, capacity 57429K, committed 58112K, reserved 58752K
}

