# JRE version: Java(TM) SE Runtime Environment (8.0_121-b13) (build 1.8.0_121-b13)
# Java VM: Java HotSpot(TM) Client VM (25.121-b13 mixed mode windows-x86 )
Heap:
 def new generation   total 37568K, used 9565K [0x03c00000, 0x064c0000, 0x19150000)
  eden space 33408K,  28% used [0x03c00000, 0x04557570, 0x05ca0000)
  from space 4160K,   0% used [0x05ca0000, 0x05ca0000, 0x060b0000)
  to   space 4160K,   0% used [0x060b0000, 0x060b0000, 0x064c0000)
 tenured generation   total 83160K, used 49895K [0x19150000, 0x1e286000, 0x43c00000)
   the space 83160K,  59% used [0x19150000, 0x1c209fd8, 0x1c20a000, 0x1e286000)
 Metaspace       used 36035K, capacity 37229K, committed 37248K, reserved 37248K
GC Heap History (10 events):
Event: 11.807 GC heap before
{Heap before GC invocations=106 (full 4):
 def new generation   total 22208K, used 20813K [0x03c00000, 0x05410000, 0x19150000)
  eden space 19776K, 100% used [0x03c00000, 0x04f50000, 0x04f50000)
  from space 2432K,  42% used [0x051b0000, 0x052b3688, 0x05410000)
  to   space 2432K,   0% used [0x04f50000, 0x04f50000, 0x051b0000)
 tenured generation   total 49128K, used 43319K [0x19150000, 0x1c14a000, 0x43c00000)
   the space 49128K,  88% used [0x19150000, 0x1bb9dca0, 0x1bb9de00, 0x1c14a000)
 Metaspace       used 35010K, capacity 36155K, committed 36224K, reserved 36224K
Event: 11.812 GC heap after
Heap after GC invocations=107 (full 4):
 def new generation   total 22208K, used 1217K [0x03c00000, 0x05410000, 0x19150000)
  eden space 19776K,   0% used [0x03c00000, 0x03c00000, 0x04f50000)
  from space 2432K,  50% used [0x04f50000, 0x050804b8, 0x051b0000)
  to   space 2432K,   0% used [0x051b0000, 0x051b0000, 0x05410000)
 tenured generation   total 49128K, used 43319K [0x19150000, 0x1c14a000, 0x43c00000)
   the space 49128K,  88% used [0x19150000, 0x1bb9dca0, 0x1bb9de00, 0x1c14a000)
 Metaspace       used 35010K, capacity 36155K, committed 36224K, reserved 36224K
}
Event: 11.850 GC heap before
{Heap before GC invocations=107 (full 4):
 def new generation   total 22208K, used 20993K [0x03c00000, 0x05410000, 0x19150000)
  eden space 19776K, 100% used [0x03c00000, 0x04f50000, 0x04f50000)
  from space 2432K,  50% used [0x04f50000, 0x050804b8, 0x051b0000)
  to   space 2432K,   0% used [0x051b0000, 0x051b0000, 0x05410000)
 tenured generation   total 49128K, used 43319K [0x19150000, 0x1c14a000, 0x43c00000)
   the space 49128K,  88% used [0x19150000, 0x1bb9dca0, 0x1bb9de00, 0x1c14a000)
 Metaspace       used 35021K, capacity 36170K, committed 36224K, reserved 36224K
Event: 11.855 GC heap after
Heap after GC invocations=108 (full 4):
 def new generation   total 22208K, used 1545K [0x03c00000, 0x05410000, 0x19150000)
  eden space 19776K,   0% used [0x03c00000, 0x03c00000, 0x04f50000)
  from space 2432K,  63% used [0x051b0000, 0x05332740, 0x05410000)
  to   space 2432K,   0% used [0x04f50000, 0x04f50000, 0x051b0000)
 tenured generation   total 49128K, used 43624K [0x19150000, 0x1c14a000, 0x43c00000)
   the space 49128K,  88% used [0x19150000, 0x1bbea318, 0x1bbea400, 0x1c14a000)
 Metaspace       used 35021K, capacity 36170K, committed 36224K, reserved 36224K
}
Event: 12.067 GC heap before
{Heap before GC invocations=108 (full 4):
 def new generation   total 22208K, used 21321K [0x03c00000, 0x05410000, 0x19150000)
  eden space 19776K, 100% used [0x03c00000, 0x04f50000, 0x04f50000)
  from space 2432K,  63% used [0x051b0000, 0x05332740, 0x05410000)
  to   space 2432K,   0% used [0x04f50000, 0x04f50000, 0x051b0000)
 tenured generation   total 49128K, used 43624K [0x19150000, 0x1c14a000, 0x43c00000)
   the space 49128K,  88% used [0x19150000, 0x1bbea318, 0x1bbea400, 0x1c14a000)
 Metaspace       used 35415K, capacity 36604K, committed 36736K, reserved 37248K
Event: 12.076 GC heap after
Heap after GC invocations=109 (full 4):
 def new generation   total 22208K, used 2329K [0x03c00000, 0x05410000, 0x19150000)
  eden space 19776K,   0% used [0x03c00000, 0x03c00000, 0x04f50000)
  from space 2432K,  95% used [0x04f50000, 0x051965b8, 0x051b0000)
  to   space 2432K,   0% used [0x051b0000, 0x051b0000, 0x05410000)
 tenured generation   total 49128K, used 44236K [0x19150000, 0x1c14a000, 0x43c00000)
   the space 49128K,  90% used [0x19150000, 0x1bc83228, 0x1bc83400, 0x1c14a000)
 Metaspace       used 35415K, capacity 36604K, committed 36736K, reserved 37248K
}
Event: 12.303 GC heap before
{Heap before GC invocations=109 (full 4):
 def new generation   total 22208K, used 22105K [0x03c00000, 0x05410000, 0x19150000)
  eden space 19776K, 100% used [0x03c00000, 0x04f50000, 0x04f50000)
  from space 2432K,  95% used [0x04f50000, 0x051965b8, 0x051b0000)
  to   space 2432K,   0% used [0x051b0000, 0x051b0000, 0x05410000)
 tenured generation   total 49128K, used 44236K [0x19150000, 0x1c14a000, 0x43c00000)
   the space 49128K,  90% used [0x19150000, 0x1bc83228, 0x1bc83400, 0x1c14a000)
 Metaspace       used 35863K, capacity 37062K, committed 37120K, reserved 37248K
Event: 12.318 GC heap after
Heap after GC invocations=110 (full 4):
 def new generation   total 22208K, used 2432K [0x03c00000, 0x05410000, 0x19150000)
  eden space 19776K,   0% used [0x03c00000, 0x03c00000, 0x04f50000)
  from space 2432K, 100% used [0x051b0000, 0x05410000, 0x05410000)
  to   space 2432K,   0% used [0x04f50000, 0x04f50000, 0x051b0000)
 tenured generation   total 49128K, used 47286K [0x19150000, 0x1c14a000, 0x43c00000)
   the space 49128K,  96% used [0x19150000, 0x1bf7dae0, 0x1bf7dc00, 0x1c14a000)
 Metaspace       used 35863K, capacity 37062K, committed 37120K, reserved 37248K
}
Event: 12.401 GC heap before
{Heap before GC invocations=110 (full 4):
 def new generation   total 22208K, used 22208K [0x03c00000, 0x05410000, 0x19150000)
  eden space 19776K, 100% used [0x03c00000, 0x04f50000, 0x04f50000)
  from space 2432K, 100% used [0x051b0000, 0x05410000, 0x05410000)
  to   space 2432K,   0% used [0x04f50000, 0x04f50000, 0x051b0000)
 tenured generation   total 49128K, used 47286K [0x19150000, 0x1c14a000, 0x43c00000)
   the space 49128K,  96% used [0x19150000, 0x1bf7dae0, 0x1bf7dc00, 0x1c14a000)
 Metaspace       used 35864K, capacity 37062K, committed 37120K, reserved 37248K
Event: 12.530 GC heap after
Heap after GC invocations=111 (full 5):
 def new generation   total 37568K, used 546K [0x03c00000, 0x064c0000, 0x19150000)
  eden space 33408K,   1% used [0x03c00000, 0x03c88930, 0x05ca0000)
  from space 4160K,   0% used [0x05ca0000, 0x05ca0000, 0x060b0000)
  to   space 4160K,   0% used [0x060b0000, 0x060b0000, 0x064c0000)
 tenured generation   total 83160K, used 49895K [0x19150000, 0x1e286000, 0x43c00000)
   the space 83160K,  59% used [0x19150000, 0x1c209fd8, 0x1c20a000, 0x1e286000)
 Metaspace       used 35864K, capacity 37062K, committed 37120K, reserved 37248K
}

